<?xml version="1.0" encoding="UTF-8"?>
<!-- Generated by org.testng.reporters.JUnitReportReporter -->
<testsuite hostname="LAPTOP-2F5VDVDB" failures="0" tests="10" name="TestRunner.TestRunner" time="137.422" errors="0" timestamp="2025-03-19T08:47:27 IST" skipped="0">
  <testcase classname="TestRunner.TestRunner" name="runScenario" time="6.184"/>
  <testcase classname="TestRunner.TestRunner" name="runScenario" time="17.408"/>
  <testcase classname="TestRunner.TestRunner" name="runScenario" time="6.655"/>
  <testcase classname="TestRunner.TestRunner" name="runScenario" time="7.534"/>
  <testcase classname="TestRunner.TestRunner" name="runScenario" time="20.207"/>
  <testcase classname="TestRunner.TestRunner" name="runScenario" time="21.251"/>
  <testcase classname="TestRunner.TestRunner" name="runScenario" time="10.421"/>
  <testcase classname="TestRunner.TestRunner" name="runScenario" time="8.526"/>
  <testcase classname="TestRunner.TestRunner" name="runScenario" time="10.453"/>
  <testcase classname="TestRunner.TestRunner" name="runScenario" time="28.783"/>
</testsuite> <!-- TestRunner.TestRunner -->
